<?xml version="1.0" encoding="UTF-8"?>
<!-- Generated by org.testng.reporters.JUnitReportReporter -->
<testsuite hostname="MDS" failures="0" tests="20" name="com.compass.testrunner.TestRunner" time="1206.649" errors="0" timestamp="2024-10-11T12:56:27 BDT" skipped="0">
  <testcase classname="com.compass.testrunner.TestRunner" name="runScenario" time="53.414"/>
  <system-out/>
  <testcase classname="com.compass.testrunner.TestRunner" name="runScenario" time="74.654"/>
  <system-out/>
  <testcase classname="com.compass.testrunner.TestRunner" name="runScenario" time="38.882"/>
  <system-out/>
  <testcase classname="com.compass.testrunner.TestRunner" name="runScenario" time="107.821"/>
  <system-out/>
  <testcase classname="com.compass.testrunner.TestRunner" name="runScenario" time="43.727"/>
  <system-out/>
  <testcase classname="com.compass.testrunner.TestRunner" name="runScenario" time="65.706"/>
  <system-out/>
  <testcase classname="com.compass.testrunner.TestRunner" name="runScenario" time="48.422"/>
  <system-out/>
  <testcase classname="com.compass.testrunner.TestRunner" name="runScenario" time="44.207"/>
  <system-out/>
  <testcase classname="com.compass.testrunner.TestRunner" name="runScenario" time="50.786"/>
  <system-out/>
  <testcase classname="com.compass.testrunner.TestRunner" name="runScenario" time="52.202"/>
  <system-out/>
  <testcase classname="com.compass.testrunner.TestRunner" name="runScenario" time="71.399"/>
  <system-out/>
  <testcase classname="com.compass.testrunner.TestRunner" name="runScenario" time="52.989"/>
  <system-out/>
  <testcase classname="com.compass.testrunner.TestRunner" name="runScenario" time="62.610"/>
  <system-out/>
  <testcase classname="com.compass.testrunner.TestRunner" name="runScenario" time="64.447"/>
  <system-out/>
  <testcase classname="com.compass.testrunner.TestRunner" name="runScenario" time="84.284"/>
  <system-out/>
  <testcase classname="com.compass.testrunner.TestRunner" name="runScenario" time="53.707"/>
  <system-out/>
  <testcase classname="com.compass.testrunner.TestRunner" name="runScenario" time="54.023"/>
  <system-out/>
  <testcase classname="com.compass.testrunner.TestRunner" name="runScenario" time="50.018"/>
  <system-out/>
  <testcase classname="com.compass.testrunner.TestRunner" name="runScenario" time="78.455"/>
  <system-out/>
  <testcase classname="com.compass.testrunner.TestRunner" name="runScenario" time="54.896"/>
  <system-out/>
</testsuite> <!-- com.compass.testrunner.TestRunner -->
